This is pdfTeX, Version 3.141592653-2.6-1.40.25 (MiKTeX 23.9.24) (preloaded format=pdflatex 2023.9.28)  17 SEP 2025 20:39
entering extended mode
 \write18 enabled.
 %&-line parsing enabled.
**./pre-relatorio-labeletronica.tex
(pre-relatorio-labeletronica.tex
LaTeX2e <2023-06-01> patch level 1
L3 programming layer <2023-08-29>
(C:\Users\shumy\AppData\Local\Programs\MiKTeX\tex/latex/base\article.cls
Document Class: article 2023/05/17 v1.4n Standard LaTeX document class
(C:\Users\shumy\AppData\Local\Programs\MiKTeX\tex/latex/base\size10.clo
File: size10.clo 2023/05/17 v1.4n Standard LaTeX file (size option)
)
\c@part=\count185
\c@section=\count186
\c@subsection=\count187
\c@subsubsection=\count188
\c@paragraph=\count189
\c@subparagraph=\count190
\c@figure=\count191
\c@table=\count192
\abovecaptionskip=\skip48
\belowcaptionskip=\skip49
\bibindent=\dimen140
)
(cvpr.sty (eso-pic.sty
Package: eso-pic 2002/11/16 v1.1b eso-pic (RN)
 (cvpr_eso.sty

LaTeX Warning: You have requested package `eso-pic',
               but the package provides `everyshi'.

Package: everyshi 2001/05/15 v3.00 EveryShipout Package (MS)
) (C:\Users\shumy\AppData\Local\Programs\MiKTeX\tex/latex/graphics\keyval.sty
Package: keyval 2022/05/29 v1.15 key=value parser (DPC)
\KV@toks@=\toks17
)) (C:\Users\shumy\AppData\Local\Programs\MiKTeX\tex/latex/tools\xspace.sty
Package: xspace 2014/10/28 v1.13 Space after command names (DPC,MH)
)
(C:\Users\shumy\AppData\Local\Programs\MiKTeX\tex/latex/base\inputenc.sty
Package: inputenc 2021/02/14 v1.3d Input encoding file
\inpenc@prehook=\toks18
\inpenc@posthook=\toks19
)
(C:\Users\shumy\AppData\Local\Programs\MiKTeX\tex/latex/fancyhdr\fancyhdr.sty
Package: fancyhdr 2022/11/09 v4.1 Extensive control of page headers and footers

\f@nch@headwidth=\skip50
\f@nch@O@elh=\skip51
\f@nch@O@erh=\skip52
\f@nch@O@olh=\skip53
\f@nch@O@orh=\skip54
\f@nch@O@elf=\skip55
\f@nch@O@erf=\skip56
\f@nch@O@olf=\skip57
\f@nch@O@orf=\skip58
)
CVPR 8.5 x 11-Inch Proceedings Style `cvpr.sty'.
\@ctmp=\skip59
\@figindent=\skip60
\cvprrulerbox=\box51
\cvprrulercount=\count193
\cvprruleroffset=\dimen141
\cv@lineheight=\dimen142
\cv@boxheight=\dimen143
\cv@tmpbox=\box52
\cv@refno=\count194
\cv@tot=\count195
\cv@tmpc@=\count196
\cv@tmpc=\count197
) (C:\Users\shumy\AppData\Local\Programs\MiKTeX\tex/latex/psnfss\times.sty
Package: times 2020/03/25 PSNFSS-v9.3 (SPQR) 
)
(C:\Users\shumy\AppData\Local\Programs\MiKTeX\tex/latex/graphics\epsfig.sty
Package: epsfig 2017/06/25 v1.7b (e)psfig emulation (SPQR)

(C:\Users\shumy\AppData\Local\Programs\MiKTeX\tex/latex/graphics\graphicx.sty
Package: graphicx 2021/09/16 v1.2d Enhanced LaTeX Graphics (DPC,SPQR)

(C:\Users\shumy\AppData\Local\Programs\MiKTeX\tex/latex/graphics\graphics.sty
Package: graphics 2022/03/10 v1.4e Standard LaTeX Graphics (DPC,SPQR)

(C:\Users\shumy\AppData\Local\Programs\MiKTeX\tex/latex/graphics\trig.sty
Package: trig 2021/08/11 v1.11 sin cos tan (DPC)
)
(C:\Users\shumy\AppData\Local\Programs\MiKTeX\tex/latex/graphics-cfg\graphics.c
fg
File: graphics.cfg 2016/06/04 v1.11 sample graphics configuration
)
Package graphics Info: Driver file: pdftex.def on input line 107.

(C:\Users\shumy\AppData\Local\Programs\MiKTeX\tex/latex/graphics-def\pdftex.def
File: pdftex.def 2022/09/22 v1.2b Graphics/color driver for pdftex
))
\Gin@req@height=\dimen144
\Gin@req@width=\dimen145
)
\epsfxsize=\dimen146
\epsfysize=\dimen147
) (C:\Users\shumy\AppData\Local\Programs\MiKTeX\tex/latex/graphics\color.sty
Package: color 2022/01/06 v1.3d Standard LaTeX Color (DPC)
(C:\Users\shumy\AppData\Local\Programs\MiKTeX\tex/latex/graphics-cfg\color.cfg
File: color.cfg 2016/01/02 v1.6 sample color configuration
)
Package color Info: Driver file: pdftex.def on input line 149.
(C:\Users\shumy\AppData\Local\Programs\MiKTeX\tex/latex/graphics\mathcolor.ltx)
) (C:\Users\shumy\AppData\Local\Programs\MiKTeX\tex/latex/xcolor\xcolor.sty
Package: xcolor 2022/06/12 v2.14 LaTeX color extensions (UK)

(C:\Users\shumy\AppData\Local\Programs\MiKTeX\tex/latex/graphics-cfg\color.cfg
File: color.cfg 2016/01/02 v1.6 sample color configuration
)
Package xcolor Info: Driver file: pdftex.def on input line 227.
LaTeX Info: Redefining \color on input line 711.
(C:\Users\shumy\AppData\Local\Programs\MiKTeX\tex/latex/graphics\mathcolor.ltx)
Package xcolor Info: Model `cmy' substituted by `cmy0' on input line 1353.
Package xcolor Info: Model `hsb' substituted by `rgb' on input line 1357.
Package xcolor Info: Model `RGB' extended on input line 1369.
Package xcolor Info: Model `HTML' substituted by `rgb' on input line 1371.
Package xcolor Info: Model `Hsb' substituted by `hsb' on input line 1372.
Package xcolor Info: Model `tHsb' substituted by `hsb' on input line 1373.
Package xcolor Info: Model `HSB' substituted by `hsb' on input line 1374.
Package xcolor Info: Model `Gray' substituted by `gray' on input line 1375.
Package xcolor Info: Model `wave' substituted by `hsb' on input line 1376.
) (C:\Users\shumy\AppData\Local\Programs\MiKTeX\tex/latex/amsmath\amsmath.sty
Package: amsmath 2023/05/13 v2.17o AMS math features
\@mathmargin=\skip61

For additional information on amsmath, use the `?' option.
(C:\Users\shumy\AppData\Local\Programs\MiKTeX\tex/latex/amsmath\amstext.sty
Package: amstext 2021/08/26 v2.01 AMS text

(C:\Users\shumy\AppData\Local\Programs\MiKTeX\tex/latex/amsmath\amsgen.sty
File: amsgen.sty 1999/11/30 v2.0 generic functions
\@emptytoks=\toks20
\ex@=\dimen148
))
(C:\Users\shumy\AppData\Local\Programs\MiKTeX\tex/latex/amsmath\amsbsy.sty
Package: amsbsy 1999/11/29 v1.2d Bold Symbols
\pmbraise@=\dimen149
)
(C:\Users\shumy\AppData\Local\Programs\MiKTeX\tex/latex/amsmath\amsopn.sty
Package: amsopn 2022/04/08 v2.04 operator names
)
\inf@bad=\count198
LaTeX Info: Redefining \frac on input line 234.
\uproot@=\count199
\leftroot@=\count266
LaTeX Info: Redefining \overline on input line 399.
LaTeX Info: Redefining \colon on input line 410.
\classnum@=\count267
\DOTSCASE@=\count268
LaTeX Info: Redefining \ldots on input line 496.
LaTeX Info: Redefining \dots on input line 499.
LaTeX Info: Redefining \cdots on input line 620.
\Mathstrutbox@=\box53
\strutbox@=\box54
LaTeX Info: Redefining \big on input line 722.
LaTeX Info: Redefining \Big on input line 723.
LaTeX Info: Redefining \bigg on input line 724.
LaTeX Info: Redefining \Bigg on input line 725.
\big@size=\dimen150
LaTeX Font Info:    Redeclaring font encoding OML on input line 743.
LaTeX Font Info:    Redeclaring font encoding OMS on input line 744.
\macc@depth=\count269
LaTeX Info: Redefining \bmod on input line 905.
LaTeX Info: Redefining \pmod on input line 910.
LaTeX Info: Redefining \smash on input line 940.
LaTeX Info: Redefining \relbar on input line 970.
LaTeX Info: Redefining \Relbar on input line 971.
\c@MaxMatrixCols=\count270
\dotsspace@=\muskip16
\c@parentequation=\count271
\dspbrk@lvl=\count272
\tag@help=\toks21
\row@=\count273
\column@=\count274
\maxfields@=\count275
\andhelp@=\toks22
\eqnshift@=\dimen151
\alignsep@=\dimen152
\tagshift@=\dimen153
\tagwidth@=\dimen154
\totwidth@=\dimen155
\lineht@=\dimen156
\@envbody=\toks23
\multlinegap=\skip62
\multlinetaggap=\skip63
\mathdisplay@stack=\toks24
LaTeX Info: Redefining \[ on input line 2953.
LaTeX Info: Redefining \] on input line 2954.
)
(C:\Users\shumy\AppData\Local\Programs\MiKTeX\tex/latex/amsfonts\amssymb.sty
Package: amssymb 2013/01/14 v3.01 AMS font symbols

(C:\Users\shumy\AppData\Local\Programs\MiKTeX\tex/latex/amsfonts\amsfonts.sty
Package: amsfonts 2013/01/14 v3.01 Basic AMSFonts support
\symAMSa=\mathgroup4
\symAMSb=\mathgroup5
LaTeX Font Info:    Redeclaring math symbol \hbar on input line 98.
LaTeX Font Info:    Overwriting math alphabet `\mathfrak' in version `bold'
(Font)                  U/euf/m/n --> U/euf/b/n on input line 106.
)) (C:\Users\shumy\AppData\Local\Programs\MiKTeX\tex/latex/tools\bm.sty
Package: bm 2022/01/05 v1.2f Bold Symbol Support (DPC/FMi)
\symboldoperators=\mathgroup6
\symboldletters=\mathgroup7
\symboldsymbols=\mathgroup8
Package bm Info: No bold for \OMX/cmex/m/n, using \pmb.
Package bm Info: No bold for \U/msa/m/n, using \pmb.
Package bm Info: No bold for \U/msb/m/n, using \pmb.
LaTeX Font Info:    Redeclaring math alphabet \mathbf on input line 149.
)
(C:\Users\shumy\AppData\Local\Programs\MiKTeX\tex/generic/babel\babel.sty
Package: babel 2023/09/12 v3.94 The Babel package
\babel@savecnt=\count276
\U@D=\dimen157
\l@unhyphenated=\language79

(C:\Users\shumy\AppData\Local\Programs\MiKTeX\tex/generic/babel\txtbabel.def)
\bbl@readstream=\read2
\bbl@dirlevel=\count277

*************************************
* Local config file bblopts.cfg used
*
(C:\Users\shumy\AppData\Local\Programs\MiKTeX\tex/latex/arabi\bblopts.cfg
File: bblopts.cfg 2005/09/08 v0.1 add Arabic and Farsi to "declared" options of
 babel
)
(C:\Users\shumy\AppData\Local\Programs\MiKTeX\tex/latex/babel-portuges\brazil.l
df
Language: portuges 2021/07/09 v1.2t Portuguese support from the babel system
Package babel Info: Hyphen rules for 'brazil' set to \l@portuguese
(babel)             (\language56). Reported on input line 111.
Package babel Info: Making " an active character on input line 143.
)) (C:\Users\shumy\AppData\Local\Programs\MiKTeX\tex/latex/lipsum\lipsum.sty
(C:\Users\shumy\AppData\Local\Programs\MiKTeX\tex/latex/l3packages/l3keys2e\l3k
eys2e.sty
(C:\Users\shumy\AppData\Local\Programs\MiKTeX\tex/latex/l3kernel\expl3.sty
Package: expl3 2023-08-29 L3 programming layer (loader) 

(C:\Users\shumy\AppData\Local\Programs\MiKTeX\tex/latex/l3backend\l3backend-pdf
tex.def
File: l3backend-pdftex.def 2023-04-19 L3 backend support: PDF output (pdfTeX)
\l__color_backend_stack_int=\count278
\l__pdf_internal_box=\box55
))
Package: l3keys2e 2023-08-29 LaTeX2e option processing using LaTeX3 keys
)
Package: lipsum 2021-09-20 v2.7 150 paragraphs of Lorem Ipsum dummy text
\g__lipsum_par_int=\count279
\l__lipsum_a_int=\count280
\l__lipsum_b_int=\count281

(C:\Users\shumy\AppData\Local\Programs\MiKTeX\tex/latex/lipsum\lipsum.ltd.tex))
(C:\Users\shumy\AppData\Local\Programs\MiKTeX\tex/latex/float\float.sty
Package: float 2001/11/08 v1.3d Float enhancements (AL)
\c@float@type=\count282
\float@exts=\toks25
\float@box=\box56
\@float@everytoks=\toks26
\@floatcapt=\box57
)
(C:\Users\shumy\AppData\Local\Programs\MiKTeX\tex/latex/hyperref\hyperref.sty
Package: hyperref 2023-07-08 v7.01b Hypertext links for LaTeX

(C:\Users\shumy\AppData\Local\Programs\MiKTeX\tex/generic/ltxcmds\ltxcmds.sty
Package: ltxcmds 2020-05-10 v1.25 LaTeX kernel commands for general use (HO)
)
(C:\Users\shumy\AppData\Local\Programs\MiKTeX\tex/generic/iftex\iftex.sty
Package: iftex 2022/02/03 v1.0f TeX engine tests
)
(C:\Users\shumy\AppData\Local\Programs\MiKTeX\tex/generic/pdftexcmds\pdftexcmds
.sty
Package: pdftexcmds 2020-06-27 v0.33 Utility functions of pdfTeX for LuaTeX (HO
)

(C:\Users\shumy\AppData\Local\Programs\MiKTeX\tex/generic/infwarerr\infwarerr.s
ty
Package: infwarerr 2019/12/03 v1.5 Providing info/warning/error messages (HO)
)
Package pdftexcmds Info: \pdf@primitive is available.
Package pdftexcmds Info: \pdf@ifprimitive is available.
Package pdftexcmds Info: \pdfdraftmode found.
)
(C:\Users\shumy\AppData\Local\Programs\MiKTeX\tex/latex/kvsetkeys\kvsetkeys.sty
Package: kvsetkeys 2022-10-05 v1.19 Key value parser (HO)
)
(C:\Users\shumy\AppData\Local\Programs\MiKTeX\tex/generic/kvdefinekeys\kvdefine
keys.sty
Package: kvdefinekeys 2019-12-19 v1.6 Define keys (HO)
)
(C:\Users\shumy\AppData\Local\Programs\MiKTeX\tex/generic/pdfescape\pdfescape.s
ty
Package: pdfescape 2019/12/09 v1.15 Implements pdfTeX's escape features (HO)
) (C:\Users\shumy\AppData\Local\Programs\MiKTeX\tex/latex/hycolor\hycolor.sty
Package: hycolor 2020-01-27 v1.10 Color options for hyperref/bookmark (HO)
)
(C:\Users\shumy\AppData\Local\Programs\MiKTeX\tex/latex/letltxmacro\letltxmacro
.sty
Package: letltxmacro 2019/12/03 v1.6 Let assignment for LaTeX macros (HO)
)
(C:\Users\shumy\AppData\Local\Programs\MiKTeX\tex/latex/auxhook\auxhook.sty
Package: auxhook 2019-12-17 v1.6 Hooks for auxiliary files (HO)
)
(C:\Users\shumy\AppData\Local\Programs\MiKTeX\tex/latex/hyperref\nameref.sty
Package: nameref 2023-08-07 v2.53 Cross-referencing by name of section

(C:\Users\shumy\AppData\Local\Programs\MiKTeX\tex/latex/refcount\refcount.sty
Package: refcount 2019/12/15 v3.6 Data extraction from label references (HO)
)
(C:\Users\shumy\AppData\Local\Programs\MiKTeX\tex/generic/gettitlestring\gettit
lestring.sty
Package: gettitlestring 2019/12/15 v1.6 Cleanup title references (HO)

(C:\Users\shumy\AppData\Local\Programs\MiKTeX\tex/latex/kvoptions\kvoptions.sty
Package: kvoptions 2022-06-15 v3.15 Key value format for package options (HO)
))
\c@section@level=\count283
)
(C:\Users\shumy\AppData\Local\Programs\MiKTeX\tex/latex/etoolbox\etoolbox.sty
Package: etoolbox 2020/10/05 v2.5k e-TeX tools for LaTeX (JAW)
\etb@tempcnta=\count284
)
\@linkdim=\dimen158
\Hy@linkcounter=\count285
\Hy@pagecounter=\count286

(C:\Users\shumy\AppData\Local\Programs\MiKTeX\tex/latex/hyperref\pd1enc.def
File: pd1enc.def 2023-07-08 v7.01b Hyperref: PDFDocEncoding definition (HO)
Now handling font encoding PD1 ...
... no UTF-8 mapping file for font encoding PD1
)
(C:\Users\shumy\AppData\Local\Programs\MiKTeX\tex/generic/intcalc\intcalc.sty
Package: intcalc 2019/12/15 v1.3 Expandable calculations with integers (HO)
)
\Hy@SavedSpaceFactor=\count287

(C:\Users\shumy\AppData\Local\Programs\MiKTeX\tex/latex/hyperref\puenc.def
File: puenc.def 2023-07-08 v7.01b Hyperref: PDF Unicode definition (HO)
Now handling font encoding PU ...
... no UTF-8 mapping file for font encoding PU
)
Package hyperref Info: Option `breaklinks' set `true' on input line 4050.
Package hyperref Info: Option `bookmarks' set `true' on input line 4050.
Package hyperref Info: Hyper figures OFF on input line 4167.
Package hyperref Info: Link nesting OFF on input line 4172.
Package hyperref Info: Hyper index ON on input line 4175.
Package hyperref Info: Plain pages OFF on input line 4182.
Package hyperref Info: Backreferencing OFF on input line 4187.
Package hyperref Info: Implicit mode ON; LaTeX internals redefined.
Package hyperref Info: Bookmarks ON on input line 4434.
\c@Hy@tempcnt=\count288

(C:\Users\shumy\AppData\Local\Programs\MiKTeX\tex/latex/url\url.sty
\Urlmuskip=\muskip17
Package: url 2013/09/16  ver 3.4  Verb mode for urls, etc.
)
LaTeX Info: Redefining \url on input line 4772.
\XeTeXLinkMargin=\dimen159

(C:\Users\shumy\AppData\Local\Programs\MiKTeX\tex/generic/bitset\bitset.sty
Package: bitset 2019/12/09 v1.3 Handle bit-vector datatype (HO)

(C:\Users\shumy\AppData\Local\Programs\MiKTeX\tex/generic/bigintcalc\bigintcalc
.sty
Package: bigintcalc 2019/12/15 v1.5 Expandable calculations on big integers (HO
)
))
\Fld@menulength=\count289
\Field@Width=\dimen160
\Fld@charsize=\dimen161
Package hyperref Info: Hyper figures OFF on input line 6051.
Package hyperref Info: Link nesting OFF on input line 6056.
Package hyperref Info: Hyper index ON on input line 6059.
Package hyperref Info: backreferencing OFF on input line 6066.
Package hyperref Info: Link coloring OFF on input line 6071.
Package hyperref Info: Link coloring with OCG OFF on input line 6076.
Package hyperref Info: PDF/A mode OFF on input line 6081.

(C:\Users\shumy\AppData\Local\Programs\MiKTeX\tex/latex/base\atbegshi-ltx.sty
Package: atbegshi-ltx 2021/01/10 v1.0c Emulation of the original atbegshi
package with kernel methods
)
\Hy@abspage=\count290
\c@Item=\count291
\c@Hfootnote=\count292
)
Package hyperref Info: Driver (autodetected): hpdftex.
(C:\Users\shumy\AppData\Local\Programs\MiKTeX\tex/latex/hyperref\hpdftex.def
File: hpdftex.def 2023-07-08 v7.01b Hyperref driver for pdfTeX

(C:\Users\shumy\AppData\Local\Programs\MiKTeX\tex/latex/base\atveryend-ltx.sty
Package: atveryend-ltx 2020/08/19 v1.0a Emulation of the original atveryend pac
kage
with kernel methods
)
\Fld@listcount=\count293
\c@bookmark@seq@number=\count294

(C:\Users\shumy\AppData\Local\Programs\MiKTeX\tex/latex/rerunfilecheck\rerunfil
echeck.sty
Package: rerunfilecheck 2022-07-10 v1.10 Rerun checks for auxiliary files (HO)

(C:\Users\shumy\AppData\Local\Programs\MiKTeX\tex/generic/uniquecounter\uniquec
ounter.sty
Package: uniquecounter 2019/12/15 v1.4 Provide unlimited unique counter (HO)
)
Package uniquecounter Info: New unique counter `rerunfilecheck' on input line 2
85.
)
\Hy@SectionHShift=\skip64
)
LaTeX Font Info:    Trying to load font information for OT1+ptm on input line 5
9.

(C:\Users\shumy\AppData\Local\Programs\MiKTeX\tex/latex/psnfss\ot1ptm.fd
File: ot1ptm.fd 2001/06/04 font definitions for OT1/ptm.
)
(pre-relatorio-labeletronica.aux)
\openout1 = `pre-relatorio-labeletronica.aux'.

LaTeX Font Info:    Checking defaults for OML/cmm/m/it on input line 59.
LaTeX Font Info:    ... okay on input line 59.
LaTeX Font Info:    Checking defaults for OMS/cmsy/m/n on input line 59.
LaTeX Font Info:    ... okay on input line 59.
LaTeX Font Info:    Checking defaults for OT1/cmr/m/n on input line 59.
LaTeX Font Info:    ... okay on input line 59.
LaTeX Font Info:    Checking defaults for T1/cmr/m/n on input line 59.
LaTeX Font Info:    ... okay on input line 59.
LaTeX Font Info:    Checking defaults for TS1/cmr/m/n on input line 59.
LaTeX Font Info:    ... okay on input line 59.
LaTeX Font Info:    Checking defaults for OMX/cmex/m/n on input line 59.
LaTeX Font Info:    ... okay on input line 59.
LaTeX Font Info:    Checking defaults for U/cmr/m/n on input line 59.
LaTeX Font Info:    ... okay on input line 59.
LaTeX Font Info:    Checking defaults for PD1/pdf/m/n on input line 59.
LaTeX Font Info:    ... okay on input line 59.
LaTeX Font Info:    Checking defaults for PU/pdf/m/n on input line 59.
LaTeX Font Info:    ... okay on input line 59.
 ABD: EveryShipout initializing macros
(C:\Users\shumy\AppData\Local\Programs\MiKTeX\tex/context/base/mkii\supp-pdf.mk
ii
[Loading MPS to PDF converter (version 2006.09.02).]
\scratchcounter=\count295
\scratchdimen=\dimen162
\scratchbox=\box58
\nofMPsegments=\count296
\nofMParguments=\count297
\everyMPshowfont=\toks27
\MPscratchCnt=\count298
\MPscratchDim=\dimen163
\MPnumerator=\count299
\makeMPintoPDFobject=\count300
\everyMPtoPDFconversion=\toks28
)
(C:\Users\shumy\AppData\Local\Programs\MiKTeX\tex/latex/epstopdf-pkg\epstopdf-b
ase.sty
Package: epstopdf-base 2020-01-24 v2.11 Base part for package epstopdf
Package epstopdf-base Info: Redefining graphics rule for `.eps' on input line 4
85.

(C:\Users\shumy\AppData\Local\Programs\MiKTeX\tex/latex/00miktex\epstopdf-sys.c
fg
File: epstopdf-sys.cfg 2021/03/18 v2.0 Configuration of epstopdf for MiKTeX
))
Package hyperref Info: Link coloring OFF on input line 59.
 (pre-relatorio-labeletronica.out) (pre-relatorio-labeletronica.out)
\@outlinefile=\write3
\openout3 = `pre-relatorio-labeletronica.out'.

LaTeX Font Info:    Trying to load font information for U+msa on input line 74.


(C:\Users\shumy\AppData\Local\Programs\MiKTeX\tex/latex/amsfonts\umsa.fd
File: umsa.fd 2013/01/14 v3.01 AMS symbols A
)
LaTeX Font Info:    Trying to load font information for U+msb on input line 74.


(C:\Users\shumy\AppData\Local\Programs\MiKTeX\tex/latex/amsfonts\umsb.fd
File: umsb.fd 2013/01/14 v3.01 AMS symbols B
)
LaTeX Font Info:    Trying to load font information for OT1+pcr on input line 7
4.

(C:\Users\shumy\AppData\Local\Programs\MiKTeX\tex/latex/psnfss\ot1pcr.fd
File: ot1pcr.fd 2001/06/04 font definitions for OT1/pcr.
)

Package hyperref Warning: Token not allowed in a PDF string (Unicode):
(hyperref)                \kern -10.0pt
(hyperref)                removed on input line 84.


Package hyperref Warning: Token not allowed in a PDF string (Unicode):
(hyperref)                \kern -10.0pt
(hyperref)                removed on input line 88.


Package hyperref Warning: Token not allowed in a PDF string (Unicode):
(hyperref)                \kern -10.0pt
(hyperref)                removed on input line 99.


Package hyperref Warning: Token not allowed in a PDF string (Unicode):
(hyperref)                \kern -10.0pt
(hyperref)                removed on input line 101.

<figuras/fig1.jpg, id=27, 915.42pt x 652.4375pt>
File: figuras/fig1.jpg Graphic file (type jpg)
<use figuras/fig1.jpg>
Package pdftex.def Info: figuras/fig1.jpg  used on input line 110.
(pdftex.def)             Requested size: 228.85443pt x 163.10896pt.
<figuras/fig2.jpg, id=28, 1606.0pt x 705.63625pt>
File: figuras/fig2.jpg Graphic file (type jpg)
<use figuras/fig2.jpg>
Package pdftex.def Info: figuras/fig2.jpg  used on input line 119.
(pdftex.def)             Requested size: 240.8896pt x 105.84087pt.

Overfull \hbox (3.75366pt too wide) in paragraph at lines 119--120
 [] 
 []

<logoFT.png, id=29, 778.91pt x 322.20375pt>
File: logoFT.png Graphic file (type png)
<use logoFT.png>
Package pdftex.def Info: logoFT.png  used on input line 124.
(pdftex.def)             Requested size: 142.25389pt x 56.90273pt.
<logoUnB.png, id=31, 592.2125pt x 301.125pt>
File: logoUnB.png Graphic file (type png)
<use logoUnB.png>
Package pdftex.def Info: logoUnB.png  used on input line 124.
(pdftex.def)             Requested size: 142.2604pt x 56.90189pt.

Package fancyhdr Warning: \headheight is too small (42.67912pt): 
(fancyhdr)                Make it at least 60.50276pt, for example:
(fancyhdr)                \setlength{\headheight}{60.50276pt}.
(fancyhdr)                You might also make \topmargin smaller to compensate:

(fancyhdr)                \addtolength{\topmargin}{-17.82364pt}.

[1{C:/Users/shumy/AppData/Local/MiKTeX/fonts/map/pdftex/pdftex.map}{C:/Users/sh
umy/AppData/Local/Programs/MiKTeX/fonts/enc/dvips/base/8r.enc}


 <./logoFT.png> <./logoUnB.png (PNG copy)> <./figuras/fig1.jpg> <./figuras/fig2
.jpg>]
<figuras/fig3.jpg, id=48, 1606.0pt x 715.67375pt>
File: figuras/fig3.jpg Graphic file (type jpg)
<use figuras/fig3.jpg>
Package pdftex.def Info: figuras/fig3.jpg  used on input line 128.
(pdftex.def)             Requested size: 240.8896pt x 107.34642pt.

Overfull \hbox (3.75366pt too wide) in paragraph at lines 128--129
 [] 
 []


Underfull \hbox (badness 2269) in paragraph at lines 132--133
[]\OT1/ptm/m/n/10 Como pode ser ob-ser-vado, a $\OML/cmm/m/it/10 f[]$ \OT1/ptm/
m/n/10 en-con-trada []e de
 []

<figuras/fig4.jpg, id=49, 1606.0pt x 744.7825pt>
File: figuras/fig4.jpg Graphic file (type jpg)
<use figuras/fig4.jpg>
Package pdftex.def Info: figuras/fig4.jpg  used on input line 139.
(pdftex.def)             Requested size: 240.8896pt x 111.71255pt.

Overfull \hbox (3.75366pt too wide) in paragraph at lines 139--140
 [] 
 []

<figuras/fig5.jpg, id=50, 1606.0pt x 715.67375pt>
File: figuras/fig5.jpg Graphic file (type jpg)
<use figuras/fig5.jpg>
Package pdftex.def Info: figuras/fig5.jpg  used on input line 148.
(pdftex.def)             Requested size: 240.8896pt x 107.34642pt.

Overfull \hbox (3.75366pt too wide) in paragraph at lines 148--149
 [] 
 []


Package hyperref Warning: Token not allowed in a PDF string (Unicode):
(hyperref)                \kern -10.0pt
(hyperref)                removed on input line 153.

<figuras/fig6.jpg, id=51, 677.53125pt x 485.815pt>
File: figuras/fig6.jpg Graphic file (type jpg)
<use figuras/fig6.jpg>
Package pdftex.def Info: figuras/fig6.jpg  used on input line 160.
(pdftex.def)             Requested size: 169.38239pt x 121.45345pt.
<figuras/fig7.jpg, id=52, 1606.0pt x 715.67375pt>
File: figuras/fig7.jpg Graphic file (type jpg)
<use figuras/fig7.jpg>
Package pdftex.def Info: figuras/fig7.jpg  used on input line 169.
(pdftex.def)             Requested size: 240.8896pt x 107.34642pt.

Overfull \hbox (3.75366pt too wide) in paragraph at lines 169--170
 [] 
 []

<figuras/fig8.jpg, id=53, 1606.0pt x 717.68124pt>
File: figuras/fig8.jpg Graphic file (type jpg)
<use figuras/fig8.jpg>
Package pdftex.def Info: figuras/fig8.jpg  used on input line 179.
(pdftex.def)             Requested size: 240.8896pt x 107.64754pt.

Overfull \hbox (3.75366pt too wide) in paragraph at lines 179--180
 [] 
 []

[2 <./figuras/fig3.jpg> <./figuras/fig4.jpg> <./figuras/fig5.jpg> <./figuras/fi
g6.jpg> <./figuras/fig7.jpg> <./figuras/fig8.jpg>]
<figuras/fig9.jpg, id=65, 1606.0pt x 714.67pt>
File: figuras/fig9.jpg Graphic file (type jpg)
<use figuras/fig9.jpg>
Package pdftex.def Info: figuras/fig9.jpg  used on input line 189.
(pdftex.def)             Requested size: 240.8896pt x 107.19586pt.

Overfull \hbox (3.75366pt too wide) in paragraph at lines 189--190
 [] 
 []

<figuras/fig10.jpg, id=66, 1606.0pt x 711.65875pt>
File: figuras/fig10.jpg Graphic file (type jpg)
<use figuras/fig10.jpg>
Package pdftex.def Info: figuras/fig10.jpg  used on input line 198.
(pdftex.def)             Requested size: 240.8896pt x 106.7442pt.

Overfull \hbox (3.75366pt too wide) in paragraph at lines 198--199
 [] 
 []


Package hyperref Warning: Token not allowed in a PDF string (Unicode):
(hyperref)                \kern -10.0pt
(hyperref)                removed on input line 202.

<figuras/fig11.jpg, id=67, 1224.575pt x 750.805pt>
File: figuras/fig11.jpg Graphic file (type jpg)
<use figuras/fig11.jpg>
Package pdftex.def Info: figuras/fig11.jpg  used on input line 209.
(pdftex.def)             Requested size: 244.91066pt x 150.15834pt.

Overfull \hbox (7.77472pt too wide) in paragraph at lines 209--210
 [] 
 []

<figuras/fig12.jpg, id=68, 1606.0pt x 711.65875pt>
File: figuras/fig12.jpg Graphic file (type jpg)
<use figuras/fig12.jpg>
Package pdftex.def Info: figuras/fig12.jpg  used on input line 218.
(pdftex.def)             Requested size: 240.8896pt x 106.7442pt.

Overfull \hbox (3.75366pt too wide) in paragraph at lines 218--219
 [] 
 []

<figuras/fig13.jpg, id=69, 1606.0pt x 721.69624pt>
File: figuras/fig13.jpg Graphic file (type jpg)
<use figuras/fig13.jpg>
Package pdftex.def Info: figuras/fig13.jpg  used on input line 227.
(pdftex.def)             Requested size: 240.8896pt x 108.24976pt.

Overfull \hbox (3.75366pt too wide) in paragraph at lines 227--228
 [] 
 []

<figuras/fig14.jpg, id=70, 1606.0pt x 713.66624pt>
File: figuras/fig14.jpg Graphic file (type jpg)
<use figuras/fig14.jpg>
Package pdftex.def Info: figuras/fig14.jpg  used on input line 236.
(pdftex.def)             Requested size: 240.8896pt x 107.0453pt.

Overfull \hbox (3.75366pt too wide) in paragraph at lines 236--237
 [] 
 []

[3 <./figuras/fig9.jpg> <./figuras/fig10.jpg> <./figuras/fig11.jpg> <./figuras/
fig12.jpg> <./figuras/fig13.jpg> <./figuras/fig14.jpg>]
<figuras/fig15.jpg, id=81, 1606.0pt x 711.65875pt>
File: figuras/fig15.jpg Graphic file (type jpg)
<use figuras/fig15.jpg>
Package pdftex.def Info: figuras/fig15.jpg  used on input line 246.
(pdftex.def)             Requested size: 240.8896pt x 106.7442pt.

Overfull \hbox (3.75366pt too wide) in paragraph at lines 246--247
 [] 
 []

(pre-relatorio-labeletronica.bbl

LaTeX Warning: Empty `thebibliography' environment on input line 3.

) [4

 <./figuras/fig15.jpg>] (pre-relatorio-labeletronica.aux)
 ***********
LaTeX2e <2023-06-01> patch level 1
L3 programming layer <2023-08-29>
 ***********
Package rerunfilecheck Info: File `pre-relatorio-labeletronica.out' has not cha
nged.
(rerunfilecheck)             Checksum: 901B12D62182D1458BA63624FB103255;985.
 ) 
Here is how much of TeX's memory you used:
 12549 strings out of 475248
 200608 string characters out of 5757813
 1936785 words of memory out of 5000000
 33811 multiletter control sequences out of 15000+600000
 583173 words of font info for 99 fonts, out of 8000000 for 9000
 1155 hyphenation exceptions out of 8191
 79i,15n,93p,561b,463s stack positions out of 10000i,1000n,20000p,200000b,200000s
<C:/Users/shumy/AppData/Local/Programs/MiKTeX/fonts/type1/public/amsfonts/cm/
cmmi10.pfb><C:/Users/shumy/AppData/Local/Programs/MiKTeX/fonts/type1/public/ams
fonts/cm/cmmi7.pfb><C:/Users/shumy/AppData/Local/Programs/MiKTeX/fonts/type1/pu
blic/amsfonts/cm/cmr10.pfb><C:/Users/shumy/AppData/Local/Programs/MiKTeX/fonts/
type1/public/amsfonts/cm/cmr7.pfb><C:/Users/shumy/AppData/Local/Programs/MiKTeX
/fonts/type1/public/amsfonts/cm/cmsy10.pfb><C:/Users/shumy/AppData/Local/Progra
ms/MiKTeX/fonts/type1/urw/courier/ucrr8a.pfb><C:/Users/shumy/AppData/Local/Prog
rams/MiKTeX/fonts/type1/urw/times/utmb8a.pfb><C:/Users/shumy/AppData/Local/Prog
rams/MiKTeX/fonts/type1/urw/times/utmr8a.pfb><C:/Users/shumy/AppData/Local/Prog
rams/MiKTeX/fonts/type1/urw/times/utmri8a.pfb>
Output written on pre-relatorio-labeletronica.pdf (4 pages, 1473116 bytes).
PDF statistics:
 134 PDF objects out of 1000 (max. 8388607)
 27 named destinations out of 1000 (max. 500000)
 134 words of extra memory for PDF output out of 10000 (max. 10000000)

